0.000000000000000000e+00
0.000000000000000000e+00
0.000000000000000000e+00
0.000000000000000000e+00
0.000000000000000000e+00
0.000000000000000000e+00
0.000000000000000000e+00
0.000000000000000000e+00
0.000000000000000000e+00
0.000000000000000000e+00
0.000000000000000000e+00
0.000000000000000000e+00
0.000000000000000000e+00
0.000000000000000000e+00
0.000000000000000000e+00
0.000000000000000000e+00
0.000000000000000000e+00
0.000000000000000000e+00
0.000000000000000000e+00
0.000000000000000000e+00
0.000000000000000000e+00
0.000000000000000000e+00
0.000000000000000000e+00
0.000000000000000000e+00
0.000000000000000000e+00
0.000000000000000000e+00
0.000000000000000000e+00
0.000000000000000000e+00
0.000000000000000000e+00
0.000000000000000000e+00
0.000000000000000000e+00
0.000000000000000000e+00
0.000000000000000000e+00
0.000000000000000000e+00
0.000000000000000000e+00
0.000000000000000000e+00
0.000000000000000000e+00
0.000000000000000000e+00
0.000000000000000000e+00
0.000000000000000000e+00
0.000000000000000000e+00
0.000000000000000000e+00
0.000000000000000000e+00
0.000000000000000000e+00
0.000000000000000000e+00
0.000000000000000000e+00
0.000000000000000000e+00
0.000000000000000000e+00
0.000000000000000000e+00
0.000000000000000000e+00
0.000000000000000000e+00
9.999999999998188116e-02
1.999999999999815259e-01
2.999999999999811706e-01
3.999999999999808153e-01
4.999999999999804601e-01
5.999999999999801048e-01
6.999999999999797495e-01
7.999999999999793943e-01
8.999999999999790390e-01
9.999999999999786837e-01
1.099999999999978328e+00
1.199999999999977973e+00
1.299999999999977618e+00
1.399999999999977263e+00
1.499999999999976907e+00
1.599999999999976552e+00
1.699999999999976197e+00
1.799999999999975842e+00
1.899999999999975486e+00
1.999999999999975131e+00
2.099999999999974776e+00
2.199999999999974420e+00
2.299999999999974065e+00
2.399999999999973710e+00
2.499999999999973355e+00
2.599999999999972999e+00
2.699999999999972644e+00
2.799999999999972289e+00
2.899999999999971934e+00
2.999999999999971578e+00
3.099999999999971223e+00
3.199999999999970868e+00
3.299999999999970512e+00
3.399999999999970157e+00
3.499999999999969802e+00
3.599999999999969447e+00
3.699999999999969091e+00
3.799999999999968736e+00
3.899999999999968381e+00
3.999999999999968026e+00
4.099999999999967670e+00
4.199999999999967315e+00
4.299999999999966960e+00
4.399999999999966604e+00
4.499999999999966249e+00
4.599999999999965894e+00
4.699999999999965539e+00
4.799999999999965183e+00
4.899999999999964828e+00
