6.692850924284855438e-03
7.391541344281970724e-03
8.162571153159889695e-03
9.013298652847815187e-03
9.951801866904308458e-03
1.098694263059316230e-02
1.212843498427421292e-02
1.338691782766474395e-02
1.477403169327301709e-02
1.630249937144089001e-02
1.798620996209149628e-02
1.984030573407742984e-02
2.188127093613038282e-02
2.412702141766909225e-02
2.659699357686572466e-02
2.931223075135616987e-02
3.229546469845032824e-02
3.557118927263596547e-02
3.916572279676412000e-02
4.310725494108584577e-02
4.742587317756646187e-02
5.215356307841736982e-02
5.732417589886831810e-02
6.297335605699601324e-02
6.913842034334627407e-02
7.585818002124293524e-02
8.317269649392165787e-02
9.112296101485534150e-02
9.975048911968424636e-02
1.090968211956119399e-01
1.192029220221164365e-01
1.301084743629966067e-01
1.418510649004864066e-01
1.544652650835331709e-01
1.679816148660738251e-01
1.824255238063544893e-01
1.978161114414162258e-01
2.141650169574391693e-01
2.314752165009799911e-01
2.497398944048798142e-01
2.689414213699923284e-01
2.890504973749930540e-01
3.100255188723843869e-01
3.318122278318305085e-01
3.543436937742009407e-01
3.775406687981416876e-01
4.013123398875440562e-01
4.255574831883369158e-01
4.501660026875178300e-01
4.750208125210556576e-01
4.999999999999955591e-01
5.249791874789354607e-01
5.498339973124732882e-01
5.744425168116543690e-01
5.986876601124473396e-01
6.224593312018500413e-01
6.456563062257908436e-01
6.681877721681616089e-01
6.899744811276080636e-01
7.109495026249996741e-01
7.310585786300006772e-01
7.502601055951134690e-01
7.685247834990136528e-01
7.858349830425548355e-01
8.021838885585781398e-01
8.175744761936402094e-01
8.320183851339212344e-01
8.455347349164622495e-01
8.581489350995092913e-01
8.698915256369994520e-01
8.807970779778797610e-01
8.909031788043846323e-01
9.002495108803124646e-01
9.088770389851418274e-01
9.168273035060756637e-01
9.241418199787545529e-01
9.308615796566515055e-01
9.370266439430019467e-01
9.426758241011297113e-01
9.478464369215809926e-01
9.525741268224319214e-01
9.568927450589126416e-01
9.608342772032344437e-01
9.644288107273628619e-01
9.677045353015485407e-01
9.706877692486427511e-01
9.734030064231334878e-01
9.758729785823300196e-01
9.781187290638688747e-01
9.801596942659218659e-01
9.820137900379080076e-01
9.836975006285584300e-01
9.852259683067264850e-01
9.866130821723346767e-01
9.878715650157252615e-01
9.890130573694064786e-01
9.900481981330953030e-01
9.909867013471519437e-01
9.918374288468398969e-01
9.926084586557178957e-01
